# JRE version: Java(TM) SE Runtime Environment (8.0_161-b12) (build 1.8.0_161-b12)
# Java VM: Java HotSpot(TM) 64-Bit Server VM (25.161-b12 mixed mode windows-amd64 compressed oops)
Heap:
 PSYoungGen      total 46080K, used 46067K [0x000000078ce00000, 0x0000000792800000, 0x00000007c0000000)
  eden space 39936K, 100% used [0x000000078ce00000,0x000000078f500000,0x000000078f500000)
  from space 6144K, 99% used [0x000000078fb00000,0x00000007900fccc0,0x0000000790100000)
  to   space 6144K, 99% used [0x000000078f500000,0x000000078fafe050,0x000000078fb00000)
 ParOldGen       total 105472K, used 7158K [0x0000000726a00000, 0x000000072d100000, 0x000000078ce00000)
  object space 105472K, 6% used [0x0000000726a00000,0x00000007270fdbc0,0x000000072d100000)
 Metaspace       used 14950K, capacity 15252K, committed 15488K, reserved 1062912K
  class space    used 1826K, capacity 1912K, committed 1920K, reserved 1048576K
GC Heap History (5 events):
Event: 1.104 GC heap before
{Heap before GC invocations=1 (full 0):
 PSYoungGen      total 46080K, used 39936K [0x000000078ce00000, 0x0000000790100000, 0x00000007c0000000)
  eden space 39936K, 100% used [0x000000078ce00000,0x000000078f500000,0x000000078f500000)
  from space 6144K, 0% used [0x000000078fb00000,0x000000078fb00000,0x0000000790100000)
  to   space 6144K, 0% used [0x000000078f500000,0x000000078f500000,0x000000078fb00000)
 ParOldGen       total 105472K, used 0K [0x0000000726a00000, 0x000000072d100000, 0x000000078ce00000)
  object space 105472K, 0% used [0x0000000726a00000,0x0000000726a00000,0x000000072d100000)
 Metaspace       used 8875K, capacity 9070K, committed 9088K, reserved 1056768K
  class space    used 1095K, capacity 1149K, committed 1152K, reserved 1048576K
Event: 1.114 GC heap after
Heap after GC invocations=1 (full 0):
 PSYoungGen      total 46080K, used 6140K [0x000000078ce00000, 0x0000000790100000, 0x00000007c0000000)
  eden space 39936K, 0% used [0x000000078ce00000,0x000000078ce00000,0x000000078f500000)
  from space 6144K, 99% used [0x000000078f500000,0x000000078faff108,0x000000078fb00000)
  to   space 6144K, 0% used [0x000000078fb00000,0x000000078fb00000,0x0000000790100000)
 ParOldGen       total 105472K, used 24K [0x0000000726a00000, 0x000000072d100000, 0x000000078ce00000)
  object space 105472K, 0% used [0x0000000726a00000,0x0000000726a06000,0x000000072d100000)
 Metaspace       used 8875K, capacity 9070K, committed 9088K, reserved 1056768K
  class space    used 1095K, capacity 1149K, committed 1152K, reserved 1048576K
}
Event: 2.095 GC heap before
{Heap before GC invocations=2 (full 0):
 PSYoungGen      total 46080K, used 46076K [0x000000078ce00000, 0x0000000790100000, 0x00000007c0000000)
  eden space 39936K, 100% used [0x000000078ce00000,0x000000078f500000,0x000000078f500000)
  from space 6144K, 99% used [0x000000078f500000,0x000000078faff108,0x000000078fb00000)
  to   space 6144K, 0% used [0x000000078fb00000,0x000000078fb00000,0x0000000790100000)
 ParOldGen       total 105472K, used 24K [0x0000000726a00000, 0x000000072d100000, 0x000000078ce00000)
  object space 105472K, 0% used [0x0000000726a00000,0x0000000726a06000,0x000000072d100000)
 Metaspace       used 14333K, capacity 14678K, committed 14976K, reserved 1062912K
  class space    used 1783K, capacity 1875K, committed 1920K, reserved 1048576K
Event: 2.113 GC heap after
Heap after GC invocations=2 (full 0):
 PSYoungGen      total 46080K, used 6131K [0x000000078ce00000, 0x0000000792800000, 0x00000007c0000000)
  eden space 39936K, 0% used [0x000000078ce00000,0x000000078ce00000,0x000000078f500000)
  from space 6144K, 99% used [0x000000078fb00000,0x00000007900fccc0,0x0000000790100000)
  to   space 6144K, 0% used [0x000000078f500000,0x000000078f500000,0x000000078fb00000)
 ParOldGen       total 105472K, used 3001K [0x0000000726a00000, 0x000000072d100000, 0x000000078ce00000)
  object space 105472K, 2% used [0x0000000726a00000,0x0000000726cee5d0,0x000000072d100000)
 Metaspace       used 14333K, capacity 14678K, committed 14976K, reserved 1062912K
  class space    used 1783K, capacity 1875K, committed 1920K, reserved 1048576K
}
Event: 2.867 GC heap before
{Heap before GC invocations=3 (full 0):
 PSYoungGen      total 46080K, used 46067K [0x000000078ce00000, 0x0000000792800000, 0x00000007c0000000)
  eden space 39936K, 100% used [0x000000078ce00000,0x000000078f500000,0x000000078f500000)
  from space 6144K, 99% used [0x000000078fb00000,0x00000007900fccc0,0x0000000790100000)
  to   space 6144K, 0% used [0x000000078f500000,0x000000078f500000,0x000000078fb00000)
 ParOldGen       total 105472K, used 3001K [0x0000000726a00000, 0x000000072d100000, 0x000000078ce00000)
  object space 105472K, 2% used [0x0000000726a00000,0x0000000726cee5d0,0x000000072d100000)
 Metaspace       used 14950K, capacity 15252K, committed 15488K, reserved 1062912K
  class space    used 1826K, capacity 1912K, committed 1920K, reserved 1048576K

