# JRE version: Java(TM) SE Runtime Environment (8.0_161-b12) (build 1.8.0_161-b12)
# Java VM: Java HotSpot(TM) 64-Bit Server VM (25.161-b12 mixed mode windows-amd64 compressed oops)
Heap:
 PSYoungGen      total 390144K, used 5132K [0x000000078ce00000, 0x00000007a7e80000, 0x00000007c0000000)
  eden space 371200K, 0% used [0x000000078ce00000,0x000000078ce00000,0x00000007a3880000)
  from space 18944K, 27% used [0x00000007a4b00000,0x00000007a50032f0,0x00000007a5d80000)
  to   space 18944K, 0% used [0x00000007a3880000,0x00000007a3880000,0x00000007a4b00000)
 ParOldGen       total 100352K, used 45953K [0x0000000726a00000, 0x000000072cc00000, 0x000000078ce00000)
  object space 100352K, 45% used [0x0000000726a00000,0x00000007296e05b8,0x000000072cc00000)
 Metaspace       used 56504K, capacity 59053K, committed 59160K, reserved 1099776K
  class space    used 7536K, capacity 7984K, committed 7984K, reserved 1048576K
GC Heap History (10 events):
Event: 9.535 GC heap after
Heap after GC invocations=10 (full 2):
 PSYoungGen      total 222208K, used 0K [0x000000078ce00000, 0x000000079e380000, 0x00000007c0000000)
  eden space 210944K, 0% used [0x000000078ce00000,0x000000078ce00000,0x0000000799c00000)
  from space 11264K, 0% used [0x000000079aa00000,0x000000079aa00000,0x000000079b500000)
  to   space 14336K, 0% used [0x0000000799c00000,0x0000000799c00000,0x000000079aa00000)
 ParOldGen       total 100352K, used 19689K [0x0000000726a00000, 0x000000072cc00000, 0x000000078ce00000)
  object space 100352K, 19% used [0x0000000726a00000,0x0000000727d3a5c0,0x000000072cc00000)
 Metaspace       used 34286K, capacity 35446K, committed 35496K, reserved 1079296K
  class space    used 4522K, capacity 4773K, committed 4784K, reserved 1048576K
}
Event: 13.350 GC heap before
{Heap before GC invocations=11 (full 2):
 PSYoungGen      total 222208K, used 210944K [0x000000078ce00000, 0x000000079e380000, 0x00000007c0000000)
  eden space 210944K, 100% used [0x000000078ce00000,0x0000000799c00000,0x0000000799c00000)
  from space 11264K, 0% used [0x000000079aa00000,0x000000079aa00000,0x000000079b500000)
  to   space 14336K, 0% used [0x0000000799c00000,0x0000000799c00000,0x000000079aa00000)
 ParOldGen       total 100352K, used 19689K [0x0000000726a00000, 0x000000072cc00000, 0x000000078ce00000)
  object space 100352K, 19% used [0x0000000726a00000,0x0000000727d3a5c0,0x000000072cc00000)
 Metaspace       used 39297K, capacity 40764K, committed 41128K, reserved 1085440K
  class space    used 5143K, capacity 5432K, committed 5552K, reserved 1048576K
Event: 13.421 GC heap after
Heap after GC invocations=11 (full 2):
 PSYoungGen      total 225280K, used 10910K [0x000000078ce00000, 0x000000079fd00000, 0x00000007c0000000)
  eden space 210944K, 0% used [0x000000078ce00000,0x000000078ce00000,0x0000000799c00000)
  from space 14336K, 76% used [0x0000000799c00000,0x000000079a6a7af8,0x000000079aa00000)
  to   space 14848K, 0% used [0x000000079ee80000,0x000000079ee80000,0x000000079fd00000)
 ParOldGen       total 100352K, used 19697K [0x0000000726a00000, 0x000000072cc00000, 0x000000078ce00000)
  object space 100352K, 19% used [0x0000000726a00000,0x0000000727d3c5c0,0x000000072cc00000)
 Metaspace       used 39297K, capacity 40764K, committed 41128K, reserved 1085440K
  class space    used 5143K, capacity 5432K, committed 5552K, reserved 1048576K
}
Event: 17.269 GC heap before
{Heap before GC invocations=12 (full 2):
 PSYoungGen      total 225280K, used 221854K [0x000000078ce00000, 0x000000079fd00000, 0x00000007c0000000)
  eden space 210944K, 100% used [0x000000078ce00000,0x0000000799c00000,0x0000000799c00000)
  from space 14336K, 76% used [0x0000000799c00000,0x000000079a6a7af8,0x000000079aa00000)
  to   space 14848K, 0% used [0x000000079ee80000,0x000000079ee80000,0x000000079fd00000)
 ParOldGen       total 100352K, used 19697K [0x0000000726a00000, 0x000000072cc00000, 0x000000078ce00000)
  object space 100352K, 19% used [0x0000000726a00000,0x0000000727d3c5c0,0x000000072cc00000)
 Metaspace       used 48251K, capacity 50040K, committed 50216K, reserved 1093632K
  class space    used 6247K, capacity 6584K, committed 6704K, reserved 1048576K
Event: 17.368 GC heap after
Heap after GC invocations=12 (full 2):
 PSYoungGen      total 291328K, used 14821K [0x000000078ce00000, 0x00000007a0780000, 0x00000007c0000000)
  eden space 276480K, 0% used [0x000000078ce00000,0x000000078ce00000,0x000000079dc00000)
  from space 14848K, 99% used [0x000000079ee80000,0x000000079fcf9718,0x000000079fd00000)
  to   space 18944K, 0% used [0x000000079dc00000,0x000000079dc00000,0x000000079ee80000)
 ParOldGen       total 100352K, used 26574K [0x0000000726a00000, 0x000000072cc00000, 0x000000078ce00000)
  object space 100352K, 26% used [0x0000000726a00000,0x00000007283f3988,0x000000072cc00000)
 Metaspace       used 48251K, capacity 50040K, committed 50216K, reserved 1093632K
  class space    used 6247K, capacity 6584K, committed 6704K, reserved 1048576K
}
Event: 22.202 GC heap before
{Heap before GC invocations=13 (full 2):
 PSYoungGen      total 291328K, used 291301K [0x000000078ce00000, 0x00000007a0780000, 0x00000007c0000000)
  eden space 276480K, 100% used [0x000000078ce00000,0x000000079dc00000,0x000000079dc00000)
  from space 14848K, 99% used [0x000000079ee80000,0x000000079fcf9718,0x000000079fd00000)
  to   space 18944K, 0% used [0x000000079dc00000,0x000000079dc00000,0x000000079ee80000)
 ParOldGen       total 100352K, used 26574K [0x0000000726a00000, 0x000000072cc00000, 0x000000078ce00000)
  object space 100352K, 26% used [0x0000000726a00000,0x00000007283f3988,0x000000072cc00000)
 Metaspace       used 53035K, capacity 55416K, committed 55720K, reserved 1097728K
  class space    used 7022K, capacity 7476K, committed 7600K, reserved 1048576K
Event: 22.307 GC heap after
Heap after GC invocations=13 (full 2):
 PSYoungGen      total 295424K, used 11639K [0x000000078ce00000, 0x00000007a5d80000, 0x00000007c0000000)
  eden space 276480K, 0% used [0x000000078ce00000,0x000000078ce00000,0x000000079dc00000)
  from space 18944K, 61% used [0x000000079dc00000,0x000000079e75dcb8,0x000000079ee80000)
  to   space 18944K, 0% used [0x00000007a4b00000,0x00000007a4b00000,0x00000007a5d80000)
 ParOldGen       total 100352K, used 40969K [0x0000000726a00000, 0x000000072cc00000, 0x000000078ce00000)
  object space 100352K, 40% used [0x0000000726a00000,0x0000000729202528,0x000000072cc00000)
 Metaspace       used 53035K, capacity 55416K, committed 55720K, reserved 1097728K
  class space    used 7022K, capacity 7476K, committed 7600K, reserved 1048576K
}
Event: 25.393 GC heap before
{Heap before GC invocations=14 (full 2):
 PSYoungGen      total 295424K, used 144568K [0x000000078ce00000, 0x00000007a5d80000, 0x00000007c0000000)
  eden space 276480K, 48% used [0x000000078ce00000,0x0000000794fd03c0,0x000000079dc00000)
  from space 18944K, 61% used [0x000000079dc00000,0x000000079e75dcb8,0x000000079ee80000)
  to   space 18944K, 0% used [0x00000007a4b00000,0x00000007a4b00000,0x00000007a5d80000)
 ParOldGen       total 100352K, used 40969K [0x0000000726a00000, 0x000000072cc00000, 0x000000078ce00000)
  object space 100352K, 40% used [0x0000000726a00000,0x0000000729202528,0x000000072cc00000)
 Metaspace       used 56504K, capacity 59053K, committed 59160K, reserved 1099776K
  class space    used 7536K, capacity 7984K, committed 7984K, reserved 1048576K
Event: 25.918 GC heap after
Heap after GC invocations=14 (full 2):
 PSYoungGen      total 390144K, used 5132K [0x000000078ce00000, 0x00000007a7e80000, 0x00000007c0000000)
  eden space 371200K, 0% used [0x000000078ce00000,0x000000078ce00000,0x00000007a3880000)
  from space 18944K, 27% used [0x00000007a4b00000,0x00000007a50032f0,0x00000007a5d80000)
  to   space 18944K, 0% used [0x00000007a3880000,0x00000007a3880000,0x00000007a4b00000)
 ParOldGen       total 100352K, used 45953K [0x0000000726a00000, 0x000000072cc00000, 0x000000078ce00000)
  object space 100352K, 45% used [0x0000000726a00000,0x00000007296e05b8,0x000000072cc00000)
 Metaspace       used 56504K, capacity 59053K, committed 59160K, reserved 1099776K
  class space    used 7536K, capacity 7984K, committed 7984K, reserved 1048576K
}
Event: 25.918 GC heap before
{Heap before GC invocations=15 (full 3):
 PSYoungGen      total 390144K, used 5132K [0x000000078ce00000, 0x00000007a7e80000, 0x00000007c0000000)
  eden space 371200K, 0% used [0x000000078ce00000,0x000000078ce00000,0x00000007a3880000)
  from space 18944K, 27% used [0x00000007a4b00000,0x00000007a50032f0,0x00000007a5d80000)
  to   space 18944K, 0% used [0x00000007a3880000,0x00000007a3880000,0x00000007a4b00000)
 ParOldGen       total 100352K, used 45953K [0x0000000726a00000, 0x000000072cc00000, 0x000000078ce00000)
  object space 100352K, 45% used [0x0000000726a00000,0x00000007296e05b8,0x000000072cc00000)
 Metaspace       used 56504K, capacity 59053K, committed 59160K, reserved 1099776K
  class space    used 7536K, capacity 7984K, committed 7984K, reserved 1048576K

