# JRE version: Java(TM) SE Runtime Environment (8.0_161-b12) (build 1.8.0_161-b12)
# Java VM: Java HotSpot(TM) 64-Bit Server VM (25.161-b12 mixed mode windows-amd64 compressed oops)
Heap:
 PSYoungGen      total 411648K, used 27187K [0x000000078ce00000, 0x00000007b3380000, 0x00000007c0000000)
  eden space 395776K, 2% used [0x000000078ce00000,0x000000078d92f250,0x00000007a5080000)
  from space 15872K, 99% used [0x00000007a5080000,0x00000007a5fdda40,0x00000007a6000000)
  to   space 17920K, 0% used [0x00000007b2200000,0x00000007b2200000,0x00000007b3380000)
 ParOldGen       total 71168K, used 24770K [0x0000000726a00000, 0x000000072af80000, 0x000000078ce00000)
  object space 71168K, 34% used [0x0000000726a00000,0x0000000728230970,0x000000072af80000)
 Metaspace       used 51023K, capacity 53178K, committed 53336K, reserved 1095680K
  class space    used 6630K, capacity 7035K, committed 7040K, reserved 1048576K
GC Heap History (10 events):
Event: 17.369 GC heap before
{Heap before GC invocations=9 (full 1):
 PSYoungGen      total 164864K, used 164835K [0x000000078ce00000, 0x000000079e280000, 0x00000007c0000000)
  eden space 156672K, 100% used [0x000000078ce00000,0x0000000796700000,0x0000000796700000)
  from space 8192K, 99% used [0x0000000796700000,0x0000000796ef8f68,0x0000000796f00000)
  to   space 10752K, 0% used [0x000000079d800000,0x000000079d800000,0x000000079e280000)
 ParOldGen       total 55808K, used 11447K [0x0000000726a00000, 0x000000072a080000, 0x000000078ce00000)
  object space 55808K, 20% used [0x0000000726a00000,0x000000072752dd98,0x000000072a080000)
 Metaspace       used 34006K, capacity 35174K, committed 35416K, reserved 1079296K
  class space    used 4446K, capacity 4701K, committed 4736K, reserved 1048576K
Event: 17.461 GC heap after
Heap after GC invocations=9 (full 1):
 PSYoungGen      total 268800K, used 10729K [0x000000078ce00000, 0x000000079fc80000, 0x00000007c0000000)
  eden space 258048K, 0% used [0x000000078ce00000,0x000000078ce00000,0x000000079ca00000)
  from space 10752K, 99% used [0x000000079d800000,0x000000079e27a618,0x000000079e280000)
  to   space 14336K, 0% used [0x000000079ca00000,0x000000079ca00000,0x000000079d800000)
 ParOldGen       total 55808K, used 16297K [0x0000000726a00000, 0x000000072a080000, 0x000000078ce00000)
  object space 55808K, 29% used [0x0000000726a00000,0x00000007279ea488,0x000000072a080000)
 Metaspace       used 34006K, capacity 35174K, committed 35416K, reserved 1079296K
  class space    used 4446K, capacity 4701K, committed 4736K, reserved 1048576K
}
Event: 17.632 GC heap before
{Heap before GC invocations=10 (full 1):
 PSYoungGen      total 268800K, used 20342K [0x000000078ce00000, 0x000000079fc80000, 0x00000007c0000000)
  eden space 258048K, 3% used [0x000000078ce00000,0x000000078d763478,0x000000079ca00000)
  from space 10752K, 99% used [0x000000079d800000,0x000000079e27a618,0x000000079e280000)
  to   space 14336K, 0% used [0x000000079ca00000,0x000000079ca00000,0x000000079d800000)
 ParOldGen       total 55808K, used 16297K [0x0000000726a00000, 0x000000072a080000, 0x000000078ce00000)
  object space 55808K, 29% used [0x0000000726a00000,0x00000007279ea488,0x000000072a080000)
 Metaspace       used 34240K, capacity 35366K, committed 35416K, reserved 1079296K
  class space    used 4462K, capacity 4701K, committed 4736K, reserved 1048576K
Event: 17.743 GC heap after
Heap after GC invocations=10 (full 1):
 PSYoungGen      total 272384K, used 8480K [0x000000078ce00000, 0x00000007a6f80000, 0x00000007c0000000)
  eden space 258048K, 0% used [0x000000078ce00000,0x000000078ce00000,0x000000079ca00000)
  from space 14336K, 59% used [0x000000079ca00000,0x000000079d248000,0x000000079d800000)
  to   space 14336K, 0% used [0x00000007a6180000,0x00000007a6180000,0x00000007a6f80000)
 ParOldGen       total 55808K, used 17773K [0x0000000726a00000, 0x000000072a080000, 0x000000078ce00000)
  object space 55808K, 31% used [0x0000000726a00000,0x0000000727b5b4b8,0x000000072a080000)
 Metaspace       used 34240K, capacity 35366K, committed 35416K, reserved 1079296K
  class space    used 4462K, capacity 4701K, committed 4736K, reserved 1048576K
}
Event: 17.744 GC heap before
{Heap before GC invocations=11 (full 2):
 PSYoungGen      total 272384K, used 8480K [0x000000078ce00000, 0x00000007a6f80000, 0x00000007c0000000)
  eden space 258048K, 0% used [0x000000078ce00000,0x000000078ce00000,0x000000079ca00000)
  from space 14336K, 59% used [0x000000079ca00000,0x000000079d248000,0x000000079d800000)
  to   space 14336K, 0% used [0x00000007a6180000,0x00000007a6180000,0x00000007a6f80000)
 ParOldGen       total 55808K, used 17773K [0x0000000726a00000, 0x000000072a080000, 0x000000078ce00000)
  object space 55808K, 31% used [0x0000000726a00000,0x0000000727b5b4b8,0x000000072a080000)
 Metaspace       used 34240K, capacity 35366K, committed 35416K, reserved 1079296K
  class space    used 4462K, capacity 4701K, committed 4736K, reserved 1048576K
Event: 17.926 GC heap after
Heap after GC invocations=11 (full 2):
 PSYoungGen      total 272384K, used 0K [0x000000078ce00000, 0x00000007a6f80000, 0x00000007c0000000)
  eden space 258048K, 0% used [0x000000078ce00000,0x000000078ce00000,0x000000079ca00000)
  from space 14336K, 0% used [0x000000079ca00000,0x000000079ca00000,0x000000079d800000)
  to   space 14336K, 0% used [0x00000007a6180000,0x00000007a6180000,0x00000007a6f80000)
 ParOldGen       total 71168K, used 14579K [0x0000000726a00000, 0x000000072af80000, 0x000000078ce00000)
  object space 71168K, 20% used [0x0000000726a00000,0x000000072783cfc0,0x000000072af80000)
 Metaspace       used 34240K, capacity 35366K, committed 35416K, reserved 1079296K
  class space    used 4462K, capacity 4701K, committed 4736K, reserved 1048576K
}
Event: 24.873 GC heap before
{Heap before GC invocations=12 (full 2):
 PSYoungGen      total 272384K, used 258048K [0x000000078ce00000, 0x00000007a6f80000, 0x00000007c0000000)
  eden space 258048K, 100% used [0x000000078ce00000,0x000000079ca00000,0x000000079ca00000)
  from space 14336K, 0% used [0x000000079ca00000,0x000000079ca00000,0x000000079d800000)
  to   space 14336K, 0% used [0x00000007a6180000,0x00000007a6180000,0x00000007a6f80000)
 ParOldGen       total 71168K, used 14579K [0x0000000726a00000, 0x000000072af80000, 0x000000078ce00000)
  object space 71168K, 20% used [0x0000000726a00000,0x000000072783cfc0,0x000000072af80000)
 Metaspace       used 42106K, capacity 43510K, committed 43736K, reserved 1087488K
  class space    used 5318K, capacity 5581K, committed 5632K, reserved 1048576K
Event: 24.940 GC heap after
Heap after GC invocations=12 (full 2):
 PSYoungGen      total 406016K, used 14331K [0x000000078ce00000, 0x00000007a6f80000, 0x00000007c0000000)
  eden space 391680K, 0% used [0x000000078ce00000,0x000000078ce00000,0x00000007a4c80000)
  from space 14336K, 99% used [0x00000007a6180000,0x00000007a6f7ef80,0x00000007a6f80000)
  to   space 15872K, 0% used [0x00000007a5080000,0x00000007a5080000,0x00000007a6000000)
 ParOldGen       total 71168K, used 14747K [0x0000000726a00000, 0x000000072af80000, 0x000000078ce00000)
  object space 71168K, 20% used [0x0000000726a00000,0x0000000727866c58,0x000000072af80000)
 Metaspace       used 42106K, capacity 43510K, committed 43736K, reserved 1087488K
  class space    used 5318K, capacity 5581K, committed 5632K, reserved 1048576K
}
Event: 33.385 GC heap before
{Heap before GC invocations=13 (full 2):
 PSYoungGen      total 406016K, used 406011K [0x000000078ce00000, 0x00000007a6f80000, 0x00000007c0000000)
  eden space 391680K, 100% used [0x000000078ce00000,0x00000007a4c80000,0x00000007a4c80000)
  from space 14336K, 99% used [0x00000007a6180000,0x00000007a6f7ef80,0x00000007a6f80000)
  to   space 15872K, 0% used [0x00000007a5080000,0x00000007a5080000,0x00000007a6000000)
 ParOldGen       total 71168K, used 14747K [0x0000000726a00000, 0x000000072af80000, 0x000000078ce00000)
  object space 71168K, 20% used [0x0000000726a00000,0x0000000727866c58,0x000000072af80000)
 Metaspace       used 51015K, capacity 53172K, committed 53336K, reserved 1095680K
  class space    used 6629K, capacity 7034K, committed 7040K, reserved 1048576K
Event: 34.103 GC heap after
Heap after GC invocations=13 (full 2):
 PSYoungGen      total 411648K, used 15734K [0x000000078ce00000, 0x00000007b3380000, 0x00000007c0000000)
  eden space 395776K, 0% used [0x000000078ce00000,0x000000078ce00000,0x00000007a5080000)
  from space 15872K, 99% used [0x00000007a5080000,0x00000007a5fdda40,0x00000007a6000000)
  to   space 17920K, 0% used [0x00000007b2200000,0x00000007b2200000,0x00000007b3380000)
 ParOldGen       total 71168K, used 24770K [0x0000000726a00000, 0x000000072af80000, 0x000000078ce00000)
  object space 71168K, 34% used [0x0000000726a00000,0x0000000728230970,0x000000072af80000)
 Metaspace       used 51015K, capacity 53172K, committed 53336K, reserved 1095680K
  class space    used 6629K, capacity 7034K, committed 7040K, reserved 1048576K
}

