# JRE version: Java(TM) SE Runtime Environment (8.0_161-b12) (build 1.8.0_161-b12)
# Java VM: Java HotSpot(TM) 64-Bit Server VM (25.161-b12 mixed mode windows-amd64 compressed oops)
Heap:
 PSYoungGen      total 476160K, used 461486K [0x000000078ce00000, 0x00000007ae200000, 0x00000007c0000000)
  eden space 460800K, 96% used [0x000000078ce00000,0x00000007a81dd6b0,0x00000007a9000000)
  from space 15360K, 98% used [0x00000007ad300000,0x00000007ae1ce4f8,0x00000007ae200000)
  to   space 18944K, 0% used [0x00000007abd00000,0x00000007abd00000,0x00000007acf80000)
 ParOldGen       total 87552K, used 16533K [0x0000000726a00000, 0x000000072bf80000, 0x000000078ce00000)
  object space 87552K, 18% used [0x0000000726a00000,0x0000000727a257b0,0x000000072bf80000)
 Metaspace       used 51595K, capacity 53924K, committed 53976K, reserved 1095680K
  class space    used 6725K, capacity 7156K, committed 7168K, reserved 1048576K
GC Heap History (10 events):
Event: 14.105 GC heap before
{Heap before GC invocations=6 (full 1):
 PSYoungGen      total 165888K, used 159744K [0x000000078ce00000, 0x0000000797600000, 0x00000007c0000000)
  eden space 159744K, 100% used [0x000000078ce00000,0x0000000796a00000,0x0000000796a00000)
  from space 6144K, 0% used [0x0000000797000000,0x0000000797000000,0x0000000797600000)
  to   space 6144K, 0% used [0x0000000796a00000,0x0000000796a00000,0x0000000797000000)
 ParOldGen       total 62464K, used 8420K [0x0000000726a00000, 0x000000072a700000, 0x000000078ce00000)
  object space 62464K, 13% used [0x0000000726a00000,0x0000000727239388,0x000000072a700000)
 Metaspace       used 27747K, capacity 28672K, committed 28928K, reserved 1075200K
  class space    used 3558K, capacity 3770K, committed 3840K, reserved 1048576K
Event: 14.841 GC heap after
Heap after GC invocations=6 (full 1):
 PSYoungGen      total 165888K, used 6121K [0x000000078ce00000, 0x000000079fa80000, 0x00000007c0000000)
  eden space 159744K, 0% used [0x000000078ce00000,0x000000078ce00000,0x0000000796a00000)
  from space 6144K, 99% used [0x0000000796a00000,0x0000000796ffa6b0,0x0000000797000000)
  to   space 13312K, 0% used [0x000000079ed80000,0x000000079ed80000,0x000000079fa80000)
 ParOldGen       total 62464K, used 13983K [0x0000000726a00000, 0x000000072a700000, 0x000000078ce00000)
  object space 62464K, 22% used [0x0000000726a00000,0x00000007277a7f58,0x000000072a700000)
 Metaspace       used 27747K, capacity 28672K, committed 28928K, reserved 1075200K
  class space    used 3558K, capacity 3770K, committed 3840K, reserved 1048576K
}
Event: 18.519 GC heap before
{Heap before GC invocations=7 (full 1):
 PSYoungGen      total 165888K, used 165865K [0x000000078ce00000, 0x000000079fa80000, 0x00000007c0000000)
  eden space 159744K, 100% used [0x000000078ce00000,0x0000000796a00000,0x0000000796a00000)
  from space 6144K, 99% used [0x0000000796a00000,0x0000000796ffa6b0,0x0000000797000000)
  to   space 13312K, 0% used [0x000000079ed80000,0x000000079ed80000,0x000000079fa80000)
 ParOldGen       total 62464K, used 13983K [0x0000000726a00000, 0x000000072a700000, 0x000000078ce00000)
  object space 62464K, 22% used [0x0000000726a00000,0x00000007277a7f58,0x000000072a700000)
 Metaspace       used 32346K, capacity 33424K, committed 33664K, reserved 1079296K
  class space    used 4210K, capacity 4460K, committed 4480K, reserved 1048576K
Event: 18.937 GC heap after
Heap after GC invocations=7 (full 1):
 PSYoungGen      total 291328K, used 13302K [0x000000078ce00000, 0x00000007a0180000, 0x00000007c0000000)
  eden space 278016K, 0% used [0x000000078ce00000,0x000000078ce00000,0x000000079dd80000)
  from space 13312K, 99% used [0x000000079ed80000,0x000000079fa7da60,0x000000079fa80000)
  to   space 16384K, 0% used [0x000000079dd80000,0x000000079dd80000,0x000000079ed80000)
 ParOldGen       total 62464K, used 15703K [0x0000000726a00000, 0x000000072a700000, 0x000000078ce00000)
  object space 62464K, 25% used [0x0000000726a00000,0x0000000727955d10,0x000000072a700000)
 Metaspace       used 32346K, capacity 33424K, committed 33664K, reserved 1079296K
  class space    used 4210K, capacity 4460K, committed 4480K, reserved 1048576K
}
Event: 20.488 GC heap before
{Heap before GC invocations=8 (full 1):
 PSYoungGen      total 291328K, used 67214K [0x000000078ce00000, 0x00000007a0180000, 0x00000007c0000000)
  eden space 278016K, 19% used [0x000000078ce00000,0x00000007902a5f10,0x000000079dd80000)
  from space 13312K, 99% used [0x000000079ed80000,0x000000079fa7da60,0x000000079fa80000)
  to   space 16384K, 0% used [0x000000079dd80000,0x000000079dd80000,0x000000079ed80000)
 ParOldGen       total 62464K, used 15703K [0x0000000726a00000, 0x000000072a700000, 0x000000078ce00000)
  object space 62464K, 25% used [0x0000000726a00000,0x0000000727955d10,0x000000072a700000)
 Metaspace       used 34270K, capacity 35390K, committed 35416K, reserved 1079296K
  class space    used 4472K, capacity 4733K, committed 4736K, reserved 1048576K
Event: 21.235 GC heap after
Heap after GC invocations=8 (full 1):
 PSYoungGen      total 294400K, used 12005K [0x000000078ce00000, 0x00000007ae400000, 0x00000007c0000000)
  eden space 278016K, 0% used [0x000000078ce00000,0x000000078ce00000,0x000000079dd80000)
  from space 16384K, 73% used [0x000000079dd80000,0x000000079e939550,0x000000079ed80000)
  to   space 17408K, 0% used [0x00000007ad300000,0x00000007ad300000,0x00000007ae400000)
 ParOldGen       total 62464K, used 15711K [0x0000000726a00000, 0x000000072a700000, 0x000000078ce00000)
  object space 62464K, 25% used [0x0000000726a00000,0x0000000727957d10,0x000000072a700000)
 Metaspace       used 34270K, capacity 35390K, committed 35416K, reserved 1079296K
  class space    used 4472K, capacity 4733K, committed 4736K, reserved 1048576K
}
Event: 21.235 GC heap before
{Heap before GC invocations=9 (full 2):
 PSYoungGen      total 294400K, used 12005K [0x000000078ce00000, 0x00000007ae400000, 0x00000007c0000000)
  eden space 278016K, 0% used [0x000000078ce00000,0x000000078ce00000,0x000000079dd80000)
  from space 16384K, 73% used [0x000000079dd80000,0x000000079e939550,0x000000079ed80000)
  to   space 17408K, 0% used [0x00000007ad300000,0x00000007ad300000,0x00000007ae400000)
 ParOldGen       total 62464K, used 15711K [0x0000000726a00000, 0x000000072a700000, 0x000000078ce00000)
  object space 62464K, 25% used [0x0000000726a00000,0x0000000727957d10,0x000000072a700000)
 Metaspace       used 34270K, capacity 35390K, committed 35416K, reserved 1079296K
  class space    used 4472K, capacity 4733K, committed 4736K, reserved 1048576K
Event: 22.482 GC heap after
Heap after GC invocations=9 (full 2):
 PSYoungGen      total 294400K, used 0K [0x000000078ce00000, 0x00000007ae400000, 0x00000007c0000000)
  eden space 278016K, 0% used [0x000000078ce00000,0x000000078ce00000,0x000000079dd80000)
  from space 16384K, 0% used [0x000000079dd80000,0x000000079dd80000,0x000000079ed80000)
  to   space 17408K, 0% used [0x00000007ad300000,0x00000007ad300000,0x00000007ae400000)
 ParOldGen       total 87552K, used 16533K [0x0000000726a00000, 0x000000072bf80000, 0x000000078ce00000)
  object space 87552K, 18% used [0x0000000726a00000,0x0000000727a257b0,0x000000072bf80000)
 Metaspace       used 34270K, capacity 35390K, committed 35416K, reserved 1079296K
  class space    used 4472K, capacity 4733K, committed 4736K, reserved 1048576K
}
Event: 30.105 GC heap before
{Heap before GC invocations=10 (full 2):
 PSYoungGen      total 294400K, used 278016K [0x000000078ce00000, 0x00000007ae400000, 0x00000007c0000000)
  eden space 278016K, 100% used [0x000000078ce00000,0x000000079dd80000,0x000000079dd80000)
  from space 16384K, 0% used [0x000000079dd80000,0x000000079dd80000,0x000000079ed80000)
  to   space 17408K, 0% used [0x00000007ad300000,0x00000007ad300000,0x00000007ae400000)
 ParOldGen       total 87552K, used 16533K [0x0000000726a00000, 0x000000072bf80000, 0x000000078ce00000)
  object space 87552K, 18% used [0x0000000726a00000,0x0000000727a257b0,0x000000072bf80000)
 Metaspace       used 42093K, capacity 43530K, committed 43736K, reserved 1087488K
  class space    used 5322K, capacity 5613K, committed 5632K, reserved 1048576K
Event: 30.208 GC heap after
Heap after GC invocations=10 (full 2):
 PSYoungGen      total 476160K, used 15161K [0x000000078ce00000, 0x00000007ae200000, 0x00000007c0000000)
  eden space 460800K, 0% used [0x000000078ce00000,0x000000078ce00000,0x00000007a9000000)
  from space 15360K, 98% used [0x00000007ad300000,0x00000007ae1ce4f8,0x00000007ae200000)
  to   space 18944K, 0% used [0x00000007abd00000,0x00000007abd00000,0x00000007acf80000)
 ParOldGen       total 87552K, used 16533K [0x0000000726a00000, 0x000000072bf80000, 0x000000078ce00000)
  object space 87552K, 18% used [0x0000000726a00000,0x0000000727a257b0,0x000000072bf80000)
 Metaspace       used 42093K, capacity 43530K, committed 43736K, reserved 1087488K
  class space    used 5322K, capacity 5613K, committed 5632K, reserved 1048576K
}

